<?xml version="1.0" encoding="UTF-8"?>
<!-- Generated by org.testng.reporters.JUnitXMLReporter -->
<testsuite hostname="DESKTOP-5J36R0S" ignored="0" name="Home Page Elements Test" tests="8" failures="0" timestamp="2021-11-21T19:41:18 EET" time="20.379" errors="0">
  <testcase name="UC01_verify_temperatureBoxTitle" time="0.112" classname="org.uiframework.weathershoppertests.HomePageTests"/>
  <testcase name="UC02_verify_temperatureBox_isDisplayed" time="0.149" classname="org.uiframework.weathershoppertests.HomePageTests"/>
  <testcase name="UC03_verify_moisturizersBoxTitle" time="0.163" classname="org.uiframework.weathershoppertests.HomePageTests"/>
  <testcase name="UC04_verify_moisturizersBoxDescription" time="0.08" classname="org.uiframework.weathershoppertests.HomePageTests"/>
  <testcase name="UC05_verify_buyMoisturizers_isEnabled" time="0.08" classname="org.uiframework.weathershoppertests.HomePageTests"/>
  <testcase name="UC06_verify_sunScreensBoxTitle" time="0.111" classname="org.uiframework.weathershoppertests.HomePageTests"/>
  <testcase name="UC07_verify_sunScreensBoxDescription" time="0.059" classname="org.uiframework.weathershoppertests.HomePageTests"/>
  <testcase name="UC08_verify_buySunScreens_isEnabled" time="0.062" classname="org.uiframework.weathershoppertests.HomePageTests"/>
</testsuite> <!-- Home Page Elements Test -->
