<?xml version="1.0" encoding="UTF-8"?>
<!-- Generated by org.testng.reporters.JUnitXMLReporter -->
<testsuite hostname="DESKTOP-5J36R0S" ignored="0" name="Moisturizers Page Elements Test" tests="3" failures="0" timestamp="2021-11-21T19:41:23 EET" time="25.104" errors="0">
  <testcase name="UC01_verify_pageTitle" time="2.585" classname="org.uiframework.weathershoppertests.MoisturizersTests"/>
  <testcase name="UC02_verify_cartButtonIsEnabled" time="0.172" classname="org.uiframework.weathershoppertests.MoisturizersTests"/>
  <testcase name="UC03_verify_productImagesNotBroken" time="9.325" classname="org.uiframework.weathershoppertests.MoisturizersTests"/>
</testsuite> <!-- Moisturizers Page Elements Test -->
