<?xml version="1.0" encoding="UTF-8"?>
<!-- Generated by org.testng.reporters.JUnitXMLReporter -->
<testsuite hostname="DESKTOP-5J36R0S" ignored="0" name="Sunscreens Page Elements Test" tests="3" failures="0" timestamp="2021-11-21T19:41:22 EET" time="24.323" errors="0">
  <testcase name="UC01_verify_pageTitle" time="2.65" classname="org.uiframework.weathershoppertests.SunscreensTests"/>
  <testcase name="UC02_verify_cartButtonIsEnabled" time="0.766" classname="org.uiframework.weathershoppertests.SunscreensTests"/>
  <testcase name="UC03_verify_productImagesNotBroken" time="6.57" classname="org.uiframework.weathershoppertests.SunscreensTests"/>
</testsuite> <!-- Sunscreens Page Elements Test -->
