<?xml version="1.0" encoding="UTF-8"?>
<testsuite xmlns:xsi="http://www.w3.org/2001/XMLSchema-instance" xsi:noNamespaceSchemaLocation="https://maven.apache.org/surefire/maven-surefire-plugin/xsd/surefire-test-report-3.0.xsd" version="3.0" name="TestSuite" time="26.286" tests="15" errors="0" skipped="0" failures="1">
  <properties>
[...]
</properties>
  <testcase name="UC01_verify_pageTitle" classname="org.uiframework.weathershoppertests.MoisturizersTests" time="2.61">
    <system-out><![CDATA[...
... TestNG 7.4.0 by Cédric Beust (cedric@beust.com)
...

]]></system-out>
    <system-err><![CDATA[956 [TestNG-tests-3] INFO io.github.bonigarcia.wdm.WebDriverManager - Using msedgedriver 96.0.1054.29 (resolved driver for Edge 96)
969 [TestNG-tests-4] INFO io.github.bonigarcia.wdm.WebDriverManager - Using msedgedriver 96.0.1054.29 (resolved driver for Edge 96)
997 [TestNG-tests-4] INFO io.github.bonigarcia.wdm.WebDriverManager - Exporting webdriver.edge.driver as C:\Users\Khaled M Farh\.cache\selenium\msedgedriver\win64\96.0.1054.29\msedgedriver.exe
1018 [TestNG-tests-1] INFO io.github.bonigarcia.wdm.WebDriverManager - Using msedgedriver 96.0.1054.29 (resolved driver for Edge 96)
1033 [TestNG-tests-1] INFO io.github.bonigarcia.wdm.WebDriverManager - Exporting webdriver.edge.driver as C:\Users\Khaled M Farh\.cache\selenium\msedgedriver\win64\96.0.1054.29\msedgedriver.exe
1033 [TestNG-tests-3] INFO io.github.bonigarcia.wdm.WebDriverManager - Exporting webdriver.edge.driver as C:\Users\Khaled M Farh\.cache\selenium\msedgedriver\win64\96.0.1054.29\msedgedriver.exe
1068 [TestNG-tests-2] INFO io.github.bonigarcia.wdm.WebDriverManager - Using msedgedriver 96.0.1054.29 (resolved driver for Edge 96)
1084 [TestNG-tests-2] INFO io.github.bonigarcia.wdm.WebDriverManager - Exporting webdriver.edge.driver as C:\Users\Khaled M Farh\.cache\selenium\msedgedriver\win64\96.0.1054.29\msedgedriver.exe
Starting MSEdgeDriver 96.0.1054.29 (246a8e9ebf93f8030a2621db729eab9fb19be0a1) on port 56080
Only local connections are allowed.
Please see https://chromedriver.chromium.org/security-considerations for suggestions on keeping MSEdgeDriver safe.
Starting MSEdgeDriver 96.0.1054.29 (246a8e9ebf93f8030a2621db729eab9fb19be0a1) on port 55597
Only local connections are allowed.
Please see https://chromedriver.chromium.org/security-considerations for suggestions on keeping MSEdgeDriver safe.
Starting MSEdgeDriver 96.0.1054.29 (246a8e9ebf93f8030a2621db729eab9fb19be0a1) on port 58447
Only local connections are allowed.
Please see https://chromedriver.chromium.org/security-considerations for suggestions on keeping MSEdgeDriver safe.
Starting MSEdgeDriver 96.0.1054.29 (246a8e9ebf93f8030a2621db729eab9fb19be0a1) on port 49590
Only local connections are allowed.
Please see https://chromedriver.chromium.org/security-considerations for suggestions on keeping MSEdgeDriver safe.
MSEdgeDriver was started successfully.
MSEdgeDriver was started successfully.
MSEdgeDriver was started successfully.
MSEdgeDriver was started successfully.
Nov 21, 2021 7:41:02 PM org.openqa.selenium.remote.ProtocolHandshake createSession
INFO: Detected dialect: W3C
Nov 21, 2021 7:41:02 PM org.openqa.selenium.devtools.CdpVersionFinder findNearestMatch
WARNING: Unable to find an exact match for CDP version 96, so returning the closest version found: 95
Nov 21, 2021 7:41:02 PM org.openqa.selenium.devtools.CdpVersionFinder findNearestMatch
INFO: Found CDP implementation for version 96 of 95
Nov 21, 2021 7:41:06 PM org.openqa.selenium.remote.ProtocolHandshake createSession
INFO: Detected dialect: W3C
Nov 21, 2021 7:41:07 PM org.openqa.selenium.devtools.CdpVersionFinder findNearestMatch
WARNING: Unable to find an exact match for CDP version 96, so returning the closest version found: 95
Nov 21, 2021 7:41:07 PM org.openqa.selenium.devtools.CdpVersionFinder findNearestMatch
INFO: Found CDP implementation for version 96 of 95
Nov 21, 2021 7:41:07 PM org.openqa.selenium.remote.ProtocolHandshake createSession
INFO: Detected dialect: W3C
Nov 21, 2021 7:41:07 PM org.openqa.selenium.devtools.CdpVersionFinder findNearestMatch
WARNING: Unable to find an exact match for CDP version 96, so returning the closest version found: 95
Nov 21, 2021 7:41:07 PM org.openqa.selenium.devtools.CdpVersionFinder findNearestMatch
INFO: Found CDP implementation for version 96 of 95
Nov 21, 2021 7:41:07 PM org.openqa.selenium.remote.ProtocolHandshake createSession
INFO: Detected dialect: W3C
Nov 21, 2021 7:41:07 PM org.openqa.selenium.devtools.CdpVersionFinder findNearestMatch
WARNING: Unable to find an exact match for CDP version 96, so returning the closest version found: 95
Nov 21, 2021 7:41:07 PM org.openqa.selenium.devtools.CdpVersionFinder findNearestMatch
INFO: Found CDP implementation for version 96 of 95
11884 [TestNG-tests-3] INFO Test [TestClass name=class org.uiframework.weathershoppertests.MoisturizersTests] started - Test UC01_verify_pageTitle Success
]]></system-err>
  </testcase>
  <testcase name="UC02_verify_cartButtonIsEnabled" classname="org.uiframework.weathershoppertests.MoisturizersTests" time="0.155">
    <system-err><![CDATA[12063 [TestNG-tests-3] INFO Test [TestClass name=class org.uiframework.weathershoppertests.MoisturizersTests] started - Test UC02_verify_cartButtonIsEnabled Success
]]></system-err>
  </testcase>
  <testcase name="UC03_verify_productImagesNotBroken" classname="org.uiframework.weathershoppertests.MoisturizersTests" time="4.931">
    <system-out><![CDATA[===== Invoked methods
    HomePageTests.UC01_verify_temperatureBoxTitle()[pri:0, instance:org.uiframework.weathershoppertests.HomePageTests@2df32bf7]
    HomePageTests.UC02_verify_temperatureBox_isDisplayed()[pri:0, instance:org.uiframework.weathershoppertests.HomePageTests@2df32bf7]
    HomePageTests.UC03_verify_moisturizersBoxTitle()[pri:0, instance:org.uiframework.weathershoppertests.HomePageTests@2df32bf7]
    HomePageTests.UC04_verify_moisturizersBoxDescription()[pri:0, instance:org.uiframework.weathershoppertests.HomePageTests@2df32bf7]
    HomePageTests.UC05_verify_buyMoisturizers_isEnabled()[pri:0, instance:org.uiframework.weathershoppertests.HomePageTests@2df32bf7]
    HomePageTests.UC06_verify_sunScreensBoxTitle()[pri:0, instance:org.uiframework.weathershoppertests.HomePageTests@2df32bf7]
    HomePageTests.UC07_verify_sunScreensBoxDescription()[pri:0, instance:org.uiframework.weathershoppertests.HomePageTests@2df32bf7]
    HomePageTests.UC08_verify_buySunScreens_isEnabled()[pri:0, instance:org.uiframework.weathershoppertests.HomePageTests@2df32bf7]
=====
PASSED: UC01_verify_temperatureBoxTitle
PASSED: UC08_verify_buySunScreens_isEnabled
PASSED: UC04_verify_moisturizersBoxDescription
PASSED: UC03_verify_moisturizersBoxTitle
PASSED: UC05_verify_buyMoisturizers_isEnabled
PASSED: UC07_verify_sunScreensBoxDescription
PASSED: UC06_verify_sunScreensBoxTitle
PASSED: UC02_verify_temperatureBox_isDisplayed

===============================================
    Home Page Elements Test
    Tests run: 8, Failures: 0, Skips: 0
===============================================

]]></system-out>
    <system-err><![CDATA[Nov 21, 2021 7:41:18 PM org.openqa.selenium.os.OsProcess destroy
SEVERE: Unable to kill process java.lang.ProcessImpl@1aaa7602
21389 [TestNG-tests-3] INFO Test [TestClass name=class org.uiframework.weathershoppertests.SunscreensTests] started - Test UC03_verify_productImagesNotBroken Success
]]></system-err>
  </testcase>
  <testcase name="UC01_verify_temperatureBoxTitle" classname="org.uiframework.weathershoppertests.HomePageTests" time="0.112">
    <system-err><![CDATA[12493 [TestNG-tests-2] INFO Test [TestClass name=class org.uiframework.weathershoppertests.HomePageTests] started - Test UC01_verify_temperatureBoxTitle Success
]]></system-err>
  </testcase>
  <testcase name="UC02_verify_temperatureBox_isDisplayed" classname="org.uiframework.weathershoppertests.HomePageTests" time="0.148">
    <system-err><![CDATA[12642 [TestNG-tests-2] INFO Test [TestClass name=class org.uiframework.weathershoppertests.HomePageTests] started - Test UC02_verify_temperatureBox_isDisplayed Success
]]></system-err>
  </testcase>
  <testcase name="UC03_verify_moisturizersBoxTitle" classname="org.uiframework.weathershoppertests.HomePageTests" time="0.161">
    <system-err><![CDATA[12806 [TestNG-tests-2] INFO Test [TestClass name=class org.uiframework.weathershoppertests.HomePageTests] started - Test UC03_verify_moisturizersBoxTitle Success
]]></system-err>
  </testcase>
  <testcase name="UC04_verify_moisturizersBoxDescription" classname="org.uiframework.weathershoppertests.HomePageTests" time="0.106">
    <system-err><![CDATA[12886 [TestNG-tests-2] INFO Test [TestClass name=class org.uiframework.weathershoppertests.HomePageTests] started - Test UC04_verify_moisturizersBoxDescription Success
]]></system-err>
  </testcase>
  <testcase name="UC05_verify_buyMoisturizers_isEnabled" classname="org.uiframework.weathershoppertests.HomePageTests" time="0.067">
    <system-err><![CDATA[12978 [TestNG-tests-2] INFO Test [TestClass name=class org.uiframework.weathershoppertests.HomePageTests] started - Test UC05_verify_buyMoisturizers_isEnabled Success
]]></system-err>
  </testcase>
  <testcase name="UC06_verify_sunScreensBoxTitle" classname="org.uiframework.weathershoppertests.HomePageTests" time="0.033">
    <system-err><![CDATA[13091 [TestNG-tests-2] INFO Test [TestClass name=class org.uiframework.weathershoppertests.SunscreensTests] started - Test UC06_verify_sunScreensBoxTitle Success
]]></system-err>
  </testcase>
  <testcase name="UC07_verify_sunScreensBoxDescription" classname="org.uiframework.weathershoppertests.HomePageTests" time="0.059">
    <system-err><![CDATA[13150 [TestNG-tests-2] INFO Test [TestClass name=class org.uiframework.weathershoppertests.HomePageTests] started - Test UC07_verify_sunScreensBoxDescription Success
]]></system-err>
  </testcase>
  <testcase name="UC08_verify_buySunScreens_isEnabled" classname="org.uiframework.weathershoppertests.HomePageTests" time="0.061">
    <system-err><![CDATA[13212 [TestNG-tests-2] INFO Test [TestClass name=class org.uiframework.weathershoppertests.HomePageTests] started - Test UC08_verify_buySunScreens_isEnabled Success
]]></system-err>
  </testcase>
  <testcase name="UC01_verify_pageTitle" classname="org.uiframework.weathershoppertests.SunscreensTests" time="1.957">
    <system-err><![CDATA[15709 [TestNG-tests-4] INFO Test [TestClass name=class org.uiframework.weathershoppertests.E2ETests] started - Test UC01_verify_pageTitle Success
]]></system-err>
  </testcase>
  <testcase name="UC02_verify_cartButtonIsEnabled" classname="org.uiframework.weathershoppertests.SunscreensTests" time="0.766">
    <system-err><![CDATA[16476 [TestNG-tests-4] INFO Test [TestClass name=class org.uiframework.weathershoppertests.SunscreensTests] started - Test UC02_verify_cartButtonIsEnabled Success
]]></system-err>
  </testcase>
  <testcase name="UC03_verify_productImagesNotBroken" classname="org.uiframework.weathershoppertests.SunscreensTests" time="6.568">
    <system-err><![CDATA[23047 [TestNG-tests-4] INFO Test [TestClass name=class org.uiframework.weathershoppertests.SunscreensTests] started - Test UC03_verify_productImagesNotBroken Success
]]></system-err>
  </testcase>
  <testcase name="UC01_ShoppingBasedOnTemp" classname="org.uiframework.weathershoppertests.E2ETests" time="0.247">
    <failure message="expected:&lt;[]almond&gt; but was:&lt;[no product with keyword: ]almond&gt;" type="org.junit.ComparisonFailure"><![CDATA[org.junit.ComparisonFailure: expected:<[]almond> but was:<[no product with keyword: ]almond>
	at org.uiframework.weathershoppertests.E2ETests.UC01_ShoppingBasedOnTemp(E2ETests.java:31)
]]></failure>
    <system-err><![CDATA[16714 [TestNG-tests-1] INFO Test [TestClass name=class org.uiframework.weathershoppertests.SunscreensTests] started - Test UC01_ShoppingBasedOnTemp Failed
]]></system-err>
  </testcase>
</testsuite>