<?xml version="1.0" encoding="UTF-8"?>
<testng-results skipped="0" failed="1" ignored="0" total="15" passed="14">
  <reporter-output>
  </reporter-output>
  <suite name="Parallel Testing Suite" duration-ms="25104" started-at="2021-11-21T19:40:58 EET" finished-at="2021-11-21T19:41:23 EET">
    <groups>
    </groups>
    <test name="Home Page Elements Test" duration-ms="20379" started-at="2021-11-21T19:40:58 EET" finished-at="2021-11-21T19:41:18 EET">
      <class name="org.uiframework.weathershoppertests.HomePageTests">
        <test-method status="PASS" signature="Browser_Init()[pri:0, instance:org.uiframework.weathershoppertests.HomePageTests@2df32bf7]" name="Browser_Init" is-config="true" duration-ms="12110" started-at="2021-11-21T19:40:58 EET" finished-at="2021-11-21T19:41:10 EET">
          <reporter-output>
          </reporter-output>
        </test-method> <!-- Browser_Init -->
        <test-method status="PASS" signature="readData()[pri:0, instance:org.uiframework.weathershoppertests.HomePageTests@2df32bf7]" name="readData" is-config="true" duration-ms="1" started-at="2021-11-21T19:41:10 EET" finished-at="2021-11-21T19:41:10 EET">
          <reporter-output>
          </reporter-output>
        </test-method> <!-- readData -->
        <test-method status="PASS" signature="UC01_verify_temperatureBoxTitle()[pri:0, instance:org.uiframework.weathershoppertests.HomePageTests@2df32bf7]" name="UC01_verify_temperatureBoxTitle" duration-ms="112" started-at="2021-11-21T19:41:10 EET" finished-at="2021-11-21T19:41:10 EET">
          <reporter-output>
          </reporter-output>
        </test-method> <!-- UC01_verify_temperatureBoxTitle -->
        <test-method status="PASS" signature="UC02_verify_temperatureBox_isDisplayed()[pri:0, instance:org.uiframework.weathershoppertests.HomePageTests@2df32bf7]" name="UC02_verify_temperatureBox_isDisplayed" duration-ms="149" started-at="2021-11-21T19:41:10 EET" finished-at="2021-11-21T19:41:10 EET">
          <reporter-output>
          </reporter-output>
        </test-method> <!-- UC02_verify_temperatureBox_isDisplayed -->
        <test-method status="PASS" signature="UC03_verify_moisturizersBoxTitle()[pri:0, instance:org.uiframework.weathershoppertests.HomePageTests@2df32bf7]" name="UC03_verify_moisturizersBoxTitle" duration-ms="163" started-at="2021-11-21T19:41:10 EET" finished-at="2021-11-21T19:41:10 EET">
          <reporter-output>
          </reporter-output>
        </test-method> <!-- UC03_verify_moisturizersBoxTitle -->
        <test-method status="PASS" signature="UC04_verify_moisturizersBoxDescription()[pri:0, instance:org.uiframework.weathershoppertests.HomePageTests@2df32bf7]" name="UC04_verify_moisturizersBoxDescription" duration-ms="80" started-at="2021-11-21T19:41:10 EET" finished-at="2021-11-21T19:41:11 EET">
          <reporter-output>
          </reporter-output>
        </test-method> <!-- UC04_verify_moisturizersBoxDescription -->
        <test-method status="PASS" signature="UC05_verify_buyMoisturizers_isEnabled()[pri:0, instance:org.uiframework.weathershoppertests.HomePageTests@2df32bf7]" name="UC05_verify_buyMoisturizers_isEnabled" duration-ms="80" started-at="2021-11-21T19:41:11 EET" finished-at="2021-11-21T19:41:11 EET">
          <reporter-output>
          </reporter-output>
        </test-method> <!-- UC05_verify_buyMoisturizers_isEnabled -->
        <test-method status="PASS" signature="UC06_verify_sunScreensBoxTitle()[pri:0, instance:org.uiframework.weathershoppertests.HomePageTests@2df32bf7]" name="UC06_verify_sunScreensBoxTitle" duration-ms="111" started-at="2021-11-21T19:41:11 EET" finished-at="2021-11-21T19:41:11 EET">
          <reporter-output>
          </reporter-output>
        </test-method> <!-- UC06_verify_sunScreensBoxTitle -->
        <test-method status="PASS" signature="UC07_verify_sunScreensBoxDescription()[pri:0, instance:org.uiframework.weathershoppertests.HomePageTests@2df32bf7]" name="UC07_verify_sunScreensBoxDescription" duration-ms="59" started-at="2021-11-21T19:41:11 EET" finished-at="2021-11-21T19:41:11 EET">
          <reporter-output>
          </reporter-output>
        </test-method> <!-- UC07_verify_sunScreensBoxDescription -->
        <test-method status="PASS" signature="UC08_verify_buySunScreens_isEnabled()[pri:0, instance:org.uiframework.weathershoppertests.HomePageTests@2df32bf7]" name="UC08_verify_buySunScreens_isEnabled" duration-ms="62" started-at="2021-11-21T19:41:11 EET" finished-at="2021-11-21T19:41:11 EET">
          <reporter-output>
          </reporter-output>
        </test-method> <!-- UC08_verify_buySunScreens_isEnabled -->
        <test-method status="PASS" signature="Browser_Termination()[pri:0, instance:org.uiframework.weathershoppertests.HomePageTests@2df32bf7]" name="Browser_Termination" is-config="true" duration-ms="7431" started-at="2021-11-21T19:41:11 EET" finished-at="2021-11-21T19:41:18 EET">
          <reporter-output>
          </reporter-output>
        </test-method> <!-- Browser_Termination -->
      </class> <!-- org.uiframework.weathershoppertests.HomePageTests -->
    </test> <!-- Home Page Elements Test -->
    <test name="E2E Product Shopping Test" duration-ms="23042" started-at="2021-11-21T19:40:58 EET" finished-at="2021-11-21T19:41:21 EET">
      <class name="org.uiframework.weathershoppertests.E2ETests">
        <test-method status="PASS" signature="Browser_Init()[pri:0, instance:org.uiframework.weathershoppertests.E2ETests@35a50a4c]" name="Browser_Init" is-config="true" duration-ms="13481" started-at="2021-11-21T19:40:58 EET" finished-at="2021-11-21T19:41:11 EET">
          <reporter-output>
          </reporter-output>
        </test-method> <!-- Browser_Init -->
        <test-method status="FAIL" signature="UC01_ShoppingBasedOnTemp()[pri:0, instance:org.uiframework.weathershoppertests.E2ETests@35a50a4c]" name="UC01_ShoppingBasedOnTemp" duration-ms="2963" started-at="2021-11-21T19:41:11 EET" finished-at="2021-11-21T19:41:14 EET">
          <exception class="org.junit.ComparisonFailure">
            <message>
              <![CDATA[expected:<[]almond> but was:<[no product with keyword: ]almond>]]>
            </message>
            <full-stacktrace>
              <![CDATA[org.junit.ComparisonFailure: expected:<[]almond> but was:<[no product with keyword: ]almond>
at org.junit.Assert.assertEquals(Assert.java:125)
at org.junit.Assert.assertEquals(Assert.java:147)
at org.uiframework.weathershopperpages.MoisturizersPage.addToCardLeastExpensiveItemContains(MoisturizersPage.java:101)
at org.uiframework.weathershoppertests.E2ETests.UC01_ShoppingBasedOnTemp(E2ETests.java:31)
at sun.reflect.NativeMethodAccessorImpl.invoke0(Native Method)
at sun.reflect.NativeMethodAccessorImpl.invoke(NativeMethodAccessorImpl.java:62)
at sun.reflect.DelegatingMethodAccessorImpl.invoke(DelegatingMethodAccessorImpl.java:43)
at java.lang.reflect.Method.invoke(Method.java:498)
at org.testng.internal.MethodInvocationHelper.invokeMethod(MethodInvocationHelper.java:133)
at org.testng.internal.TestInvoker.invokeMethod(TestInvoker.java:598)
at org.testng.internal.TestInvoker.invokeTestMethod(TestInvoker.java:173)
at org.testng.internal.MethodRunner.runInSequence(MethodRunner.java:46)
at org.testng.internal.TestInvoker$MethodInvocationAgent.invoke(TestInvoker.java:824)
at org.testng.internal.TestInvoker.invokeTestMethods(TestInvoker.java:146)
at org.testng.internal.TestMethodWorker.invokeTestMethods(TestMethodWorker.java:146)
at org.testng.internal.TestMethodWorker.run(TestMethodWorker.java:128)
at java.util.ArrayList.forEach(ArrayList.java:1259)
at org.testng.TestRunner.privateRun(TestRunner.java:794)
at org.testng.TestRunner.run(TestRunner.java:596)
at org.testng.SuiteRunner.runTest(SuiteRunner.java:377)
at org.testng.SuiteRunner.access$000(SuiteRunner.java:28)
at org.testng.SuiteRunner$SuiteWorker.run(SuiteRunner.java:418)
at org.testng.internal.thread.ThreadUtil.lambda$execute$0(ThreadUtil.java:64)
at java.util.concurrent.FutureTask.run(FutureTask.java:266)
at java.util.concurrent.ThreadPoolExecutor.runWorker(ThreadPoolExecutor.java:1149)
at java.util.concurrent.ThreadPoolExecutor$Worker.run(ThreadPoolExecutor.java:624)
at java.lang.Thread.run(Thread.java:748)
]]>
            </full-stacktrace>
          </exception> <!-- org.junit.ComparisonFailure -->
          <reporter-output>
          </reporter-output>
        </test-method> <!-- UC01_ShoppingBasedOnTemp -->
        <test-method status="PASS" signature="Browser_Termination()[pri:0, instance:org.uiframework.weathershoppertests.E2ETests@35a50a4c]" name="Browser_Termination" is-config="true" duration-ms="6589" started-at="2021-11-21T19:41:14 EET" finished-at="2021-11-21T19:41:21 EET">
          <reporter-output>
          </reporter-output>
        </test-method> <!-- Browser_Termination -->
      </class> <!-- org.uiframework.weathershoppertests.E2ETests -->
    </test> <!-- E2E Product Shopping Test -->
    <test name="Sunscreens Page Elements Test" duration-ms="24323" started-at="2021-11-21T19:40:58 EET" finished-at="2021-11-21T19:41:22 EET">
      <class name="org.uiframework.weathershoppertests.SunscreensTests">
        <test-method status="PASS" signature="Browser_Init()[pri:0, instance:org.uiframework.weathershoppertests.SunscreensTests@2f490758]" name="Browser_Init" is-config="true" duration-ms="12788" started-at="2021-11-21T19:40:58 EET" finished-at="2021-11-21T19:41:11 EET">
          <reporter-output>
          </reporter-output>
        </test-method> <!-- Browser_Init -->
        <test-method status="PASS" signature="initPages()[pri:0, instance:org.uiframework.weathershoppertests.SunscreensTests@2f490758]" name="initPages" is-config="true" duration-ms="2" started-at="2021-11-21T19:41:11 EET" finished-at="2021-11-21T19:41:11 EET">
          <reporter-output>
          </reporter-output>
        </test-method> <!-- initPages -->
        <test-method status="PASS" signature="UC01_verify_pageTitle()[pri:0, instance:org.uiframework.weathershoppertests.SunscreensTests@2f490758]" name="UC01_verify_pageTitle" duration-ms="2650" started-at="2021-11-21T19:41:11 EET" finished-at="2021-11-21T19:41:13 EET">
          <reporter-output>
          </reporter-output>
        </test-method> <!-- UC01_verify_pageTitle -->
        <test-method status="PASS" signature="UC02_verify_cartButtonIsEnabled()[pri:0, instance:org.uiframework.weathershoppertests.SunscreensTests@2f490758]" name="UC02_verify_cartButtonIsEnabled" duration-ms="766" started-at="2021-11-21T19:41:13 EET" finished-at="2021-11-21T19:41:14 EET">
          <reporter-output>
          </reporter-output>
        </test-method> <!-- UC02_verify_cartButtonIsEnabled -->
        <test-method status="PASS" signature="UC03_verify_productImagesNotBroken()[pri:0, instance:org.uiframework.weathershoppertests.SunscreensTests@2f490758]" name="UC03_verify_productImagesNotBroken" duration-ms="6570" started-at="2021-11-21T19:41:14 EET" finished-at="2021-11-21T19:41:21 EET">
          <reporter-output>
          </reporter-output>
        </test-method> <!-- UC03_verify_productImagesNotBroken -->
        <test-method status="PASS" signature="Browser_Termination()[pri:0, instance:org.uiframework.weathershoppertests.SunscreensTests@2f490758]" name="Browser_Termination" is-config="true" duration-ms="1543" started-at="2021-11-21T19:41:21 EET" finished-at="2021-11-21T19:41:22 EET">
          <reporter-output>
          </reporter-output>
        </test-method> <!-- Browser_Termination -->
      </class> <!-- org.uiframework.weathershoppertests.SunscreensTests -->
    </test> <!-- Sunscreens Page Elements Test -->
    <test name="Moisturizers Page Elements Test" duration-ms="25104" started-at="2021-11-21T19:40:58 EET" finished-at="2021-11-21T19:41:23 EET">
      <class name="org.uiframework.weathershoppertests.MoisturizersTests">
        <test-method status="PASS" signature="Browser_Init()[pri:0, instance:org.uiframework.weathershoppertests.MoisturizersTests@58a90037]" name="Browser_Init" is-config="true" duration-ms="8944" started-at="2021-11-21T19:40:58 EET" finished-at="2021-11-21T19:41:07 EET">
          <reporter-output>
          </reporter-output>
        </test-method> <!-- Browser_Init -->
        <test-method status="PASS" signature="initPages()[pri:0, instance:org.uiframework.weathershoppertests.MoisturizersTests@58a90037]" name="initPages" is-config="true" duration-ms="0" started-at="2021-11-21T19:41:07 EET" finished-at="2021-11-21T19:41:07 EET">
          <reporter-output>
          </reporter-output>
        </test-method> <!-- initPages -->
        <test-method status="PASS" signature="UC01_verify_pageTitle()[pri:0, instance:org.uiframework.weathershoppertests.MoisturizersTests@58a90037]" name="UC01_verify_pageTitle" duration-ms="2585" started-at="2021-11-21T19:41:07 EET" finished-at="2021-11-21T19:41:10 EET">
          <reporter-output>
          </reporter-output>
        </test-method> <!-- UC01_verify_pageTitle -->
        <test-method status="PASS" signature="UC02_verify_cartButtonIsEnabled()[pri:0, instance:org.uiframework.weathershoppertests.MoisturizersTests@58a90037]" name="UC02_verify_cartButtonIsEnabled" duration-ms="172" started-at="2021-11-21T19:41:10 EET" finished-at="2021-11-21T19:41:10 EET">
          <reporter-output>
          </reporter-output>
        </test-method> <!-- UC02_verify_cartButtonIsEnabled -->
        <test-method status="PASS" signature="UC03_verify_productImagesNotBroken()[pri:0, instance:org.uiframework.weathershoppertests.MoisturizersTests@58a90037]" name="UC03_verify_productImagesNotBroken" duration-ms="9325" started-at="2021-11-21T19:41:10 EET" finished-at="2021-11-21T19:41:19 EET">
          <reporter-output>
          </reporter-output>
        </test-method> <!-- UC03_verify_productImagesNotBroken -->
        <test-method status="PASS" signature="Browser_Termination()[pri:0, instance:org.uiframework.weathershoppertests.MoisturizersTests@58a90037]" name="Browser_Termination" is-config="true" duration-ms="3982" started-at="2021-11-21T19:41:19 EET" finished-at="2021-11-21T19:41:23 EET">
          <reporter-output>
          </reporter-output>
        </test-method> <!-- Browser_Termination -->
      </class> <!-- org.uiframework.weathershoppertests.MoisturizersTests -->
    </test> <!-- Moisturizers Page Elements Test -->
  </suite> <!-- Parallel Testing Suite -->
</testng-results>
